"../../../Engine/Content/EngineMaterials/T_Default_Material_Grid_M.ubulk" 0
"../../../Engine/Content/EngineMaterials/T_Default_Material_Grid_M.uasset" 1
"../../../Engine/Content/EngineMaterials/T_Default_Material_Grid_M.uexp" 2
"../../../Engine/Content/EngineMaterials/T_Default_Material_Grid_N.ubulk" 3
"../../../Engine/Content/EngineMaterials/T_Default_Material_Grid_N.uasset" 4
"../../../Engine/Content/EngineMaterials/T_Default_Material_Grid_N.uexp" 5
"../../../Engine/Content/Functions/Engine_MaterialFunctions01/Opacity/CameraDepthFade.uasset" 6
"../../../Engine/Content/Functions/Engine_MaterialFunctions01/Opacity/CameraDepthFade.uexp" 7
"../../../Engine/Content/EngineMaterials/DefaultMaterial.uasset" 8
"../../../Engine/Content/EngineMaterials/DefaultMaterial.uexp" 9
"../../../Engine/Content/BasicShapes/Sphere.uasset" 10
"../../../Engine/Content/BasicShapes/Sphere.uexp" 11
"../../../Engine/Content/EngineMaterials/WorldGridMaterial.uasset" 12
"../../../Engine/Content/EngineMaterials/WorldGridMaterial.uexp" 13
"../../../Engine/Content/BasicShapes/Plane.uasset" 14
"../../../Engine/Content/BasicShapes/Plane.uexp" 15
"../../../Engine/Content/BasicShapes/Cylinder.uasset" 16
"../../../Engine/Content/BasicShapes/Cylinder.uexp" 17
"../../../Engine/Content/BasicShapes/Cube.uasset" 18
"../../../Engine/Content/BasicShapes/Cube.uexp" 19
"../../../Engine/Content/BasicShapes/Cone.uasset" 20
"../../../Engine/Content/BasicShapes/Cone.uexp" 21
"../../../Engine/Content/ArtTools/RenderToTexture/Meshes/S_1_Unit_Plane.uasset" 22
"../../../Engine/Content/ArtTools/RenderToTexture/Meshes/S_1_Unit_Plane.uexp" 23
"../../../Engine/Content/EditorLandscapeResources/DefaultAlphaTexture.uasset" 24
"../../../Engine/Content/EditorLandscapeResources/DefaultAlphaTexture.uexp" 25
"../../../Engine/Content/EditorLandscapeResources/DataLayer.uasset" 26
"../../../Engine/Content/EditorLandscapeResources/DataLayer.uexp" 27
"../../../Engine/Content/EditorMaterials/PreviewShadowIndicator.ubulk" 28
"../../../Engine/Content/EditorMaterials/PreviewShadowIndicator.uasset" 29
"../../../Engine/Content/EditorMaterials/PreviewShadowIndicator.uexp" 30
"../../../Engine/Content/EditorMaterials/PreviewShadowIndicatorMaterial.uasset" 31
"../../../Engine/Content/EditorMaterials/PreviewShadowIndicatorMaterial.uexp" 32
"../../../Engine/Content/EditorMaterials/MAT_Groups_Visibility.uasset" 33
"../../../Engine/Content/EditorMaterials/MAT_Groups_Visibility.uexp" 34
"../../../Engine/Content/EditorMaterials/MAT_Groups_Toggle.uasset" 35
"../../../Engine/Content/EditorMaterials/MAT_Groups_Toggle.uexp" 36
"../../../Engine/Content/EditorMaterials/MatineeGroups/MAT_Groups_Vector.uasset" 37
"../../../Engine/Content/EditorMaterials/MatineeGroups/MAT_Groups_Vector.uexp" 38
"../../../Engine/Content/EditorMaterials/MatineeGroups/MAT_Groups_Sound.uasset" 39
"../../../Engine/Content/EditorMaterials/MatineeGroups/MAT_Groups_Sound.uexp" 40
"../../../Engine/Content/EditorMaterials/MatineeGroups/MAT_Groups_Slomo.uasset" 41
"../../../Engine/Content/EditorMaterials/MatineeGroups/MAT_Groups_Slomo.uexp" 42
"../../../Engine/Content/EditorMaterials/MatineeGroups/MAT_Groups_Move.uasset" 43
"../../../Engine/Content/EditorMaterials/MatineeGroups/MAT_Groups_Move.uexp" 44
"../../../Engine/Content/EditorMaterials/MatineeGroups/MAT_Groups_Float.uasset" 45
"../../../Engine/Content/EditorMaterials/MatineeGroups/MAT_Groups_Float.uexp" 46
"../../../Engine/Content/EditorMaterials/MatineeGroups/MAT_Groups_Fade.uasset" 47
"../../../Engine/Content/EditorMaterials/MatineeGroups/MAT_Groups_Fade.uexp" 48
"../../../Engine/Content/EditorMaterials/MatineeGroups/MAT_Groups_Event.uasset" 49
"../../../Engine/Content/EditorMaterials/MatineeGroups/MAT_Groups_Event.uexp" 50
"../../../Engine/Content/EditorMaterials/MatineeGroups/MAT_Groups_Director.uasset" 51
"../../../Engine/Content/EditorMaterials/MatineeGroups/MAT_Groups_Director.uexp" 52
"../../../Engine/Content/EditorMaterials/MatineeGroups/MAT_Groups_AudioMaster.uasset" 53
"../../../Engine/Content/EditorMaterials/MatineeGroups/MAT_Groups_AudioMaster.uexp" 54
"../../../Engine/Content/EditorMaterials/MatineeGroups/MAT_Groups_Anim.uasset" 55
"../../../Engine/Content/EditorMaterials/MatineeGroups/MAT_Groups_Anim.uexp" 56
"../../../Engine/Content/EditorMaterials/ParticleSystems/PSysThumbnail_OOD.ubulk" 57
"../../../Engine/Content/EditorMaterials/ParticleSystems/PSysThumbnail_OOD.uasset" 58
"../../../Engine/Content/EditorMaterials/ParticleSystems/PSysThumbnail_OOD.uexp" 59
"../../../Engine/Content/EditorMaterials/ParticleSystems/PSysThumbnail_NoImage.ubulk" 60
"../../../Engine/Content/EditorMaterials/ParticleSystems/PSysThumbnail_NoImage.uasset" 61
"../../../Engine/Content/EditorMaterials/ParticleSystems/PSysThumbnail_NoImage.uexp" 62
"../../../Engine/Content/EditorMaterials/MatineeGroups/MAT_ColorTrack.uasset" 63
"../../../Engine/Content/EditorMaterials/MatineeGroups/MAT_ColorTrack.uexp" 64
"../../../Engine/Content/Functions/Engine_MaterialFunctions02/Utility/MakeFloat4.uasset" 65
"../../../Engine/Content/Functions/Engine_MaterialFunctions02/Utility/MakeFloat4.uexp" 66
"../../../Engine/Content/Functions/Engine_MaterialFunctions02/Utility/MakeFloat3.uasset" 67
"../../../Engine/Content/Functions/Engine_MaterialFunctions02/Utility/MakeFloat3.uexp" 68
"../../../Engine/Content/Functions/Engine_MaterialFunctions02/Utility/BreakOutFloat3Components.uasset" 69
"../../../Engine/Content/Functions/Engine_MaterialFunctions02/Utility/BreakOutFloat3Components.uexp" 70
"../../../Engine/Content/EditorMaterials/WorldPartition/WorldPartitionSpatialHashGridPreviewMaterial.uasset" 71
"../../../Engine/Content/EditorMaterials/WorldPartition/WorldPartitionSpatialHashGridPreviewMaterial.uexp" 72
"../../../Engine/Content/EditorMaterials/Camera/CineMat.uasset" 73
"../../../Engine/Content/EditorMaterials/Camera/CineMat.uexp" 74
"../../../Engine/Content/EditorMaterials/Camera/MI_CineMat_Rig.uasset" 75
"../../../Engine/Content/EditorMaterials/Camera/MI_CineMat_Rig.uexp" 76
"../../../Engine/Content/EditorMeshes/Camera/SM_RailRig_Track.uasset" 77
"../../../Engine/Content/EditorMeshes/Camera/SM_RailRig_Track.uexp" 78
"../../../Engine/Content/EditorMeshes/Camera/SM_RailRig_Mount.uasset" 79
"../../../Engine/Content/EditorMeshes/Camera/SM_RailRig_Mount.uexp" 80
"../../../Engine/Content/EditorMeshes/Camera/SM_CraneRig_Mount.uasset" 81
"../../../Engine/Content/EditorMeshes/Camera/SM_CraneRig_Mount.uexp" 82
"../../../Engine/Content/EditorMeshes/Camera/SM_CraneRig_Body.uasset" 83
"../../../Engine/Content/EditorMeshes/Camera/SM_CraneRig_Body.uexp" 84
"../../../Engine/Content/EditorMeshes/Camera/SM_CraneRig_Base.uasset" 85
"../../../Engine/Content/EditorMeshes/Camera/SM_CraneRig_Base.uexp" 86
"../../../Engine/Content/EditorMeshes/Camera/SM_CraneRig_Arm.uasset" 87
"../../../Engine/Content/EditorMeshes/Camera/SM_CraneRig_Arm.uexp" 88
"../../../Engine/Content/EditorResources/S_TriggerSphere.uasset" 89
"../../../Engine/Content/EditorResources/S_TriggerSphere.uexp" 90
"../../../Engine/Content/EditorResources/S_TriggerCapsule.uasset" 91
"../../../Engine/Content/EditorResources/S_TriggerCapsule.uexp" 92
"../../../Engine/Content/EditorResources/S_TriggerBox.uasset" 93
"../../../Engine/Content/EditorResources/S_TriggerBox.uexp" 94
"../../../Engine/Content/EditorResources/S_Trigger.ubulk" 95
"../../../Engine/Content/EditorResources/S_Trigger.uasset" 96
"../../../Engine/Content/EditorResources/S_Trigger.uexp" 97
"../../../Engine/Content/EditorResources/S_Terrain.ubulk" 98
"../../../Engine/Content/EditorResources/S_Terrain.uasset" 99
"../../../Engine/Content/EditorResources/S_Terrain.uexp" 100
"../../../Engine/Content/EditorResources/S_Solver.ubulk" 101
"../../../Engine/Content/EditorResources/S_Solver.uasset" 102
"../../../Engine/Content/EditorResources/S_Solver.uexp" 103
"../../../Engine/Content/EditorResources/S_BoxReflectionCapture.uasset" 104
"../../../Engine/Content/EditorResources/S_BoxReflectionCapture.uexp" 105
"../../../Engine/Content/EditorResources/S_Actor.ubulk" 106
"../../../Engine/Content/EditorResources/S_Actor.uasset" 107
"../../../Engine/Content/EditorResources/S_Actor.uexp" 108
"../../../Engine/Content/EditorResources/EmptyActor.uasset" 109
"../../../Engine/Content/EditorResources/EmptyActor.uexp" 110
"../../../Engine/Content/EditorResources/BSPVertex.uasset" 111
"../../../Engine/Content/EditorResources/BSPVertex.uexp" 112
"../../../Engine/Content/EditorResources/SequenceRecorder/RecordingIndicator.uasset" 113
"../../../Engine/Content/EditorResources/SequenceRecorder/RecordingIndicator.uexp" 114
"../../../Engine/Content/EditorResources/SequenceRecorder/Countdown.uasset" 115
"../../../Engine/Content/EditorResources/SequenceRecorder/Countdown.uexp" 116
"../../../Engine/Content/EngineDamageTypes/DmgTypeBP_Environmental.uasset" 117
"../../../Engine/Content/EngineDamageTypes/DmgTypeBP_Environmental.uexp" 118
"../../../Engine/Content/Functions/Engine_MaterialFunctions02/Utility/CameraDirectionVector.uasset" 119
"../../../Engine/Content/Functions/Engine_MaterialFunctions02/Utility/CameraDirectionVector.uexp" 120
"../../../Engine/Content/EngineDebugMaterials/VolumeToRender.uasset" 121
"../../../Engine/Content/EngineDebugMaterials/VolumeToRender.uexp" 122
"../../../Engine/Content/EngineDebugMaterials/M_VolumeRenderSphereTracePP.uasset" 123
"../../../Engine/Content/EngineDebugMaterials/M_VolumeRenderSphereTracePP.uexp" 124
"../../../Engine/Content/EngineDebugMaterials/M_SimpleUnlitTranslucent.uasset" 125
"../../../Engine/Content/EngineDebugMaterials/M_SimpleUnlitTranslucent.uexp" 126
"../../../Engine/Content/EngineDebugMaterials/DebugMeshMaterial.uasset" 127
"../../../Engine/Content/EngineDebugMaterials/DebugMeshMaterial.uexp" 128
"../../../Engine/Content/EngineDebugMaterials/DebugEditorMaterial.uasset" 129
"../../../Engine/Content/EngineDebugMaterials/DebugEditorMaterial.uexp" 130
"../../../Engine/Content/EngineFonts/Faces/RobotoLight.uexp" 131
"../../../Engine/Content/EngineFonts/Faces/RobotoLight.uasset" 132
"../../../Engine/Content/EngineFonts/Faces/RobotoLight.ufont" 133
"../../../Engine/Content/EngineFonts/Faces/RobotoBold.uexp" 134
"../../../Engine/Content/EngineFonts/Faces/RobotoBold.uasset" 135
"../../../Engine/Content/EngineFonts/Faces/RobotoBold.ufont" 136
"../../../Engine/Content/EngineFonts/Faces/RobotoRegular.uexp" 137
"../../../Engine/Content/EngineFonts/Faces/RobotoRegular.uasset" 138
"../../../Engine/Content/EngineFonts/Faces/RobotoRegular.ufont" 139
"../../../Engine/Content/EngineFonts/Faces/DroidSansFallback.uexp" 140
"../../../Engine/Content/EngineFonts/Faces/DroidSansFallback.uasset" 141
"../../../Engine/Content/EngineFonts/Faces/DroidSansFallback.ufont" 142
"../../../Engine/Content/EngineFonts/Faces/RobotoItalic.uexp" 143
"../../../Engine/Content/EngineFonts/Faces/RobotoItalic.uasset" 144
"../../../Engine/Content/EngineFonts/Faces/RobotoItalic.ufont" 145
"../../../Engine/Content/EngineFonts/Faces/RobotoBoldItalic.uexp" 146
"../../../Engine/Content/EngineFonts/Faces/RobotoBoldItalic.uasset" 147
"../../../Engine/Content/EngineFonts/Faces/RobotoBoldItalic.ufont" 148
"../../../Engine/Content/EngineFonts/Roboto.uasset" 149
"../../../Engine/Content/EngineFonts/Roboto.uexp" 150
"../../../Engine/Content/EngineResources/WhiteSquareTexture.uasset" 151
"../../../Engine/Content/EngineResources/WhiteSquareTexture.uexp" 152
"../../../Engine/Content/EngineMaterials/Widget3DPassThrough.uasset" 153
"../../../Engine/Content/EngineMaterials/Widget3DPassThrough.uexp" 154
"../../../Engine/Content/EngineMaterials/Widget3DPassThrough_Translucent.uasset" 155
"../../../Engine/Content/EngineMaterials/Widget3DPassThrough_Translucent.uexp" 156
"../../../Engine/Content/EngineMaterials/Widget3DPassThrough_Translucent_OneSided.uasset" 157
"../../../Engine/Content/EngineMaterials/Widget3DPassThrough_Translucent_OneSided.uexp" 158
"../../../Engine/Content/EngineMaterials/Widget3DPassThrough_Opaque.uasset" 159
"../../../Engine/Content/EngineMaterials/Widget3DPassThrough_Opaque.uexp" 160
"../../../Engine/Content/EngineMaterials/Widget3DPassThrough_Opaque_OneSided.uasset" 161
"../../../Engine/Content/EngineMaterials/Widget3DPassThrough_Opaque_OneSided.uexp" 162
"../../../Engine/Content/EngineMaterials/Widget3DPassThrough_Masked_OneSided.uasset" 163
"../../../Engine/Content/EngineMaterials/Widget3DPassThrough_Masked_OneSided.uexp" 164
"../../../Engine/Content/EngineMaterials/Widget3DPassThrough_Masked.uasset" 165
"../../../Engine/Content/EngineMaterials/Widget3DPassThrough_Masked.uexp" 166
"../../../Engine/Content/EngineMaterials/WeightMapPlaceholderTexture.uasset" 167
"../../../Engine/Content/EngineMaterials/WeightMapPlaceholderTexture.uexp" 168
"../../../Engine/Content/EngineMaterials/RemoveSurfaceMaterial.uasset" 169
"../../../Engine/Content/EngineMaterials/RemoveSurfaceMaterial.uexp" 170
"../../../Engine/Content/EngineMaterials/PreintegratedSkinBRDF.uasset" 171
"../../../Engine/Content/EngineMaterials/PreintegratedSkinBRDF.uexp" 172
"../../../Engine/Content/EngineMaterials/DefaultCalibrationGrayscale.uasset" 173
"../../../Engine/Content/EngineMaterials/DefaultCalibrationGrayscale.uexp" 174
"../../../Engine/Content/EngineMaterials/PPM_DefaultCalibrationGrayscale.uasset" 175
"../../../Engine/Content/EngineMaterials/PPM_DefaultCalibrationGrayscale.uexp" 176
"../../../Engine/Content/EngineMaterials/DefaultCalibrationColor.uasset" 177
"../../../Engine/Content/EngineMaterials/DefaultCalibrationColor.uexp" 178
"../../../Engine/Content/EngineMaterials/PPM_DefaultCalibrationColor.uasset" 179
"../../../Engine/Content/EngineMaterials/PPM_DefaultCalibrationColor.uexp" 180
"../../../Engine/Content/EngineMeshes/Sphere.uasset" 181
"../../../Engine/Content/EngineMeshes/Sphere.uexp" 182
"../../../Engine/Content/Functions/Engine_MaterialFunctions02/WorldPositionOffset/CameraOffset.uasset" 183
"../../../Engine/Content/Functions/Engine_MaterialFunctions02/WorldPositionOffset/CameraOffset.uexp" 184
"../../../Engine/Content/EngineMaterials/PhAT_JointLimitMaterial.uasset" 185
"../../../Engine/Content/EngineMaterials/PhAT_JointLimitMaterial.uexp" 186
"../../../Engine/Content/EngineMaterials/InvalidLightmapSettings.ubulk" 187
"../../../Engine/Content/EngineMaterials/InvalidLightmapSettings.uasset" 188
"../../../Engine/Content/EngineMaterials/InvalidLightmapSettings.uexp" 189
"../../../Engine/Content/EngineMaterials/M_InvalidLightmapSettings.uasset" 190
"../../../Engine/Content/EngineMaterials/M_InvalidLightmapSettings.uexp" 191
"../../../Engine/Content/EngineMaterials/MiniFont.uasset" 192
"../../../Engine/Content/EngineMaterials/MiniFont.uexp" 193
"../../../Engine/Content/EngineMaterials/Good64x64TilingNoiseHighFreq.uasset" 194
"../../../Engine/Content/EngineMaterials/Good64x64TilingNoiseHighFreq.uexp" 195
"../../../Engine/Content/EngineMaterials/GizmoMaterial.uasset" 196
"../../../Engine/Content/EngineMaterials/GizmoMaterial.uexp" 197
"../../../Engine/Content/EngineMaterials/BaseFlattenEmissiveMap_VT.uasset" 198
"../../../Engine/Content/EngineMaterials/BaseFlattenEmissiveMap_VT.uexp" 199
"../../../Engine/Content/EngineMaterials/BaseFlattenGrayscaleMap_VT.uasset" 200
"../../../Engine/Content/EngineMaterials/BaseFlattenGrayscaleMap_VT.uexp" 201
"../../../Engine/Content/EngineMaterials/BaseFlattenLinearColor_VT.uasset" 202
"../../../Engine/Content/EngineMaterials/BaseFlattenLinearColor_VT.uexp" 203
"../../../Engine/Content/EngineMaterials/Black_1x1_EXR_Texture_VT.uasset" 204
"../../../Engine/Content/EngineMaterials/Black_1x1_EXR_Texture_VT.uexp" 205
"../../../Engine/Content/EngineMaterials/BaseFlattenDiffuseMap_VT.uasset" 206
"../../../Engine/Content/EngineMaterials/BaseFlattenDiffuseMap_VT.uexp" 207
"../../../Engine/Content/EngineMaterials/BaseFlattenNormalMap_VT.uasset" 208
"../../../Engine/Content/EngineMaterials/BaseFlattenNormalMap_VT.uexp" 209
"../../../Engine/Content/EngineMaterials/FlattenMaterial_WS_Normal_VT.uasset" 210
"../../../Engine/Content/EngineMaterials/FlattenMaterial_WS_Normal_VT.uexp" 211
"../../../Engine/Content/EngineMaterials/FlattenMaterial_VT.uasset" 212
"../../../Engine/Content/EngineMaterials/FlattenMaterial_VT.uexp" 213
"../../../Engine/Content/EngineMaterials/BaseFlattenNormalMap.uasset" 214
"../../../Engine/Content/EngineMaterials/BaseFlattenNormalMap.uexp" 215
"../../../Engine/Content/EngineMaterials/BaseFlattenGrayscaleMap.uasset" 216
"../../../Engine/Content/EngineMaterials/BaseFlattenGrayscaleMap.uexp" 217
"../../../Engine/Content/EngineMaterials/BaseFlattenDiffuseMap.uasset" 218
"../../../Engine/Content/EngineMaterials/BaseFlattenDiffuseMap.uexp" 219
"../../../Engine/Content/Functions/Engine_MaterialFunctions02/PivotPainter2/Black_1x1_EXR_Texture.uasset" 220
"../../../Engine/Content/Functions/Engine_MaterialFunctions02/PivotPainter2/Black_1x1_EXR_Texture.uexp" 221
"../../../Engine/Content/EngineMaterials/BaseFlattenEmissiveMap.uasset" 222
"../../../Engine/Content/EngineMaterials/BaseFlattenEmissiveMap.uexp" 223
"../../../Engine/Content/EngineMaterials/BaseFlattenLinearColor.uasset" 224
"../../../Engine/Content/EngineMaterials/BaseFlattenLinearColor.uexp" 225
"../../../Engine/Content/EngineMaterials/FlattenMaterial.uasset" 226
"../../../Engine/Content/EngineMaterials/FlattenMaterial.uexp" 227
"../../../Engine/Content/EngineMaterials/DefaultWhiteGrid_Low.uasset" 228
"../../../Engine/Content/EngineMaterials/DefaultWhiteGrid_Low.uexp" 229
"../../../Engine/Content/EngineMaterials/EmissiveMeshMaterial.uasset" 230
"../../../Engine/Content/EngineMaterials/EmissiveMeshMaterial.uexp" 231
"../../../Engine/Content/EngineMaterials/DefaultWhiteGrid.ubulk" 232
"../../../Engine/Content/EngineMaterials/DefaultWhiteGrid.uasset" 233
"../../../Engine/Content/EngineMaterials/DefaultWhiteGrid.uexp" 234
"../../../Engine/Content/EngineFonts/RobotoDistanceField.uasset" 235
"../../../Engine/Content/EngineFonts/RobotoDistanceField.uexp" 236
"../../../Engine/Content/EngineMaterials/DefaultTextMaterialOpaque.uasset" 237
"../../../Engine/Content/EngineMaterials/DefaultTextMaterialOpaque.uexp" 238
"../../../Engine/Content/EngineMaterials/DefaultDiffuse.ubulk" 239
"../../../Engine/Content/EngineMaterials/DefaultDiffuse.uasset" 240
"../../../Engine/Content/EngineMaterials/DefaultDiffuse.uexp" 241
"../../../Engine/Content/Functions/Engine_MaterialFunctions02/Utility/BreakOutFloat2Components.uasset" 242
"../../../Engine/Content/Functions/Engine_MaterialFunctions02/Utility/BreakOutFloat2Components.uexp" 243
"../../../Engine/Content/EngineMaterials/DefaultPostProcessMaterial.uasset" 244
"../../../Engine/Content/EngineMaterials/DefaultPostProcessMaterial.uexp" 245
"../../../Engine/Content/EngineMaterials/DefaultPhysicalMaterial.uasset" 246
"../../../Engine/Content/EngineMaterials/DefaultPhysicalMaterial.uexp" 247
"../../../Engine/Content/EngineMaterials/DefaultLightFunctionMaterial.uasset" 248
"../../../Engine/Content/EngineMaterials/DefaultLightFunctionMaterial.uexp" 249
"../../../Engine/Content/EngineMaterials/DefaultDestructiblePhysicalMaterial.uasset" 250
"../../../Engine/Content/EngineMaterials/DefaultDestructiblePhysicalMaterial.uexp" 251
"../../../Engine/Content/EngineMaterials/DefaultDeferredDecalMaterial.uasset" 252
"../../../Engine/Content/EngineMaterials/DefaultDeferredDecalMaterial.uexp" 253
"../../../Engine/Content/EngineMaterials/DefaultBokeh.uasset" 254
"../../../Engine/Content/EngineMaterials/DefaultBokeh.uexp" 255
"../../../Engine/Content/EngineMaterials/DefaultBloomKernel.uasset" 256
"../../../Engine/Content/EngineMaterials/DefaultBloomKernel.uexp" 257
"../../../Engine/Content/EngineMaterials/BlueNoise.uasset" 258
"../../../Engine/Content/EngineMaterials/BlueNoise.uexp" 259
"../../../Engine/Content/EngineResources/GradientTexture0.uasset" 260
"../../../Engine/Content/EngineResources/GradientTexture0.uexp" 261
"../../../Engine/Content/EngineResources/DefaultVolumeTexture2D.uasset" 262
"../../../Engine/Content/EngineResources/DefaultVolumeTexture2D.uexp" 263
"../../../Engine/Content/EngineResources/DefaultVolumeTexture.uasset" 264
"../../../Engine/Content/EngineResources/DefaultVolumeTexture.uexp" 265
"../../../Engine/Content/EngineResources/DefaultTextureCube.uasset" 266
"../../../Engine/Content/EngineResources/DefaultTextureCube.uexp" 267
"../../../Engine/Content/EngineResources/DefaultTexture.ubulk" 268
"../../../Engine/Content/EngineResources/DefaultTexture.uasset" 269
"../../../Engine/Content/EngineResources/DefaultTexture.uexp" 270
"../../../Engine/Content/EngineResources/Black.uasset" 271
"../../../Engine/Content/EngineResources/Black.uexp" 272
"../../../Engine/Content/EngineResources/FilmGrains/Marcie_Grain_v3_128_M2_000.uasset" 273
"../../../Engine/Content/EngineResources/FilmGrains/Marcie_Grain_v3_128_M2_000.uexp" 274
"../../../Engine/Content/EngineSky/VolumetricClouds/CloudWeatherTexture.uasset" 275
"../../../Engine/Content/EngineSky/VolumetricClouds/CloudWeatherTexture.uexp" 276
"../../../Engine/Content/Functions/Engine_MaterialFunctions02/Utility/MakeFloat2.uasset" 277
"../../../Engine/Content/Functions/Engine_MaterialFunctions02/Utility/MakeFloat2.uexp" 278
"../../../Engine/Content/EngineSky/VolumetricClouds/CloudGradientTexture.uasset" 279
"../../../Engine/Content/EngineSky/VolumetricClouds/CloudGradientTexture.uexp" 280
"../../../Engine/Content/EngineSky/VolumetricClouds/T_NoiseShape64.ubulk" 281
"../../../Engine/Content/EngineSky/VolumetricClouds/T_NoiseShape64.uasset" 282
"../../../Engine/Content/EngineSky/VolumetricClouds/T_NoiseShape64.uexp" 283
"../../../Engine/Content/EngineSky/VolumetricClouds/T_VolumeNoiseShape64.uasset" 284
"../../../Engine/Content/EngineSky/VolumetricClouds/T_VolumeNoiseShape64.uexp" 285
"../../../Engine/Content/EngineSky/VolumetricClouds/T_NoiseErosion.ubulk" 286
"../../../Engine/Content/EngineSky/VolumetricClouds/T_NoiseErosion.uasset" 287
"../../../Engine/Content/EngineSky/VolumetricClouds/T_NoiseErosion.uexp" 288
"../../../Engine/Content/EngineSky/VolumetricClouds/T_VolumeNoiseErosion32.uasset" 289
"../../../Engine/Content/EngineSky/VolumetricClouds/T_VolumeNoiseErosion32.uexp" 290
"../../../Engine/Content/EngineSky/VolumetricClouds/m_SimpleVolumetricCloud.uasset" 291
"../../../Engine/Content/EngineSky/VolumetricClouds/m_SimpleVolumetricCloud.uexp" 292
"../../../Engine/Content/EngineSky/VolumetricClouds/m_SimpleVolumetricCloud_Inst.uasset" 293
"../../../Engine/Content/EngineSky/VolumetricClouds/m_SimpleVolumetricCloud_Inst.uexp" 294
"../../../Engine/Content/EngineSounds/Master.uasset" 295
"../../../Engine/Content/EngineSounds/Master.uexp" 296
"../../../Engine/Content/Functions/Engine_MaterialFunctions01/Shading/PowerToRoughness.uasset" 297
"../../../Engine/Content/Functions/Engine_MaterialFunctions01/Shading/PowerToRoughness.uexp" 298
"../../../Engine/Content/Functions/Engine_MaterialFunctions01/Shading/ConvertFromDiffSpec.uasset" 299
"../../../Engine/Content/Functions/Engine_MaterialFunctions01/Shading/ConvertFromDiffSpec.uexp" 300
"../../../Engine/Content/MobileResources/HUD/VirtualJoystick_Background.uasset" 301
"../../../Engine/Content/MobileResources/HUD/VirtualJoystick_Background.uexp" 302
"../../../Engine/Content/MobileResources/HUD/VirtualJoystick_Thumb.uasset" 303
"../../../Engine/Content/MobileResources/HUD/VirtualJoystick_Thumb.uexp" 304
"../../../Engine/Content/MobileResources/HUD/DefaultVirtualJoysticks.uasset" 305
"../../../Engine/Content/MobileResources/HUD/DefaultVirtualJoysticks.uexp" 306
"../../../Engine/Content/Tutorial/ContentIntroCurve.uasset" 307
"../../../Engine/Content/Tutorial/ContentIntroCurve.uexp" 308
"../../../Engine/Content/VREditor/TransformGizmo/Main.uasset" 309
"../../../Engine/Content/VREditor/TransformGizmo/Main.uexp" 310
"../../../Engine/Content/VREditor/TransformGizmo/Xray.uasset" 311
"../../../Engine/Content/VREditor/TransformGizmo/Xray.uexp" 312
"../../../Engine/Content/VREditor/TransformGizmo/SM_Sequencer_Node.uasset" 313
"../../../Engine/Content/VREditor/TransformGizmo/SM_Sequencer_Node.uexp" 314
"../../../Engine/Content/VREditor/LaserPointer/VR_LaserPower_01.ubulk" 315
"../../../Engine/Content/VREditor/LaserPointer/VR_LaserPower_01.uasset" 316
"../../../Engine/Content/VREditor/LaserPointer/VR_LaserPower_01.uexp" 317
"../../../Engine/Content/VREditor/TransformGizmo/TransformGizmoMaterial.uasset" 318
"../../../Engine/Content/VREditor/TransformGizmo/TransformGizmoMaterial.uexp" 319
"../../../Engine/Content/VREditor/TransformGizmo/TranslucentTransformGizmoMaterial.uasset" 320
"../../../Engine/Content/VREditor/TransformGizmo/TranslucentTransformGizmoMaterial.uexp" 321
"../../../Engine/Content/VREditor/TransformGizmo/PlaneTranslationHandle.uasset" 322
"../../../Engine/Content/VREditor/TransformGizmo/PlaneTranslationHandle.uexp" 323
"../../../Engine/Content/VREditor/TransformGizmo/BoundingBoxEdge.uasset" 324
"../../../Engine/Content/VREditor/TransformGizmo/BoundingBoxEdge.uexp" 325
"../../../Engine/Content/VREditor/TransformGizmo/BoundingBoxCorner.uasset" 326
"../../../Engine/Content/VREditor/TransformGizmo/BoundingBoxCorner.uexp" 327
"../../../Engine/Plugins/2D/Paper2D/Content/PlaceholderTextures/DummySpriteTexture.ubulk" 328
"../../../Engine/Plugins/2D/Paper2D/Content/PlaceholderTextures/DummySpriteTexture.uasset" 329
"../../../Engine/Plugins/2D/Paper2D/Content/PlaceholderTextures/DummySpriteTexture.uexp" 330
"../../../Engine/Plugins/2D/Paper2D/Content/DefaultSpriteMaterial.uasset" 331
"../../../Engine/Plugins/2D/Paper2D/Content/DefaultSpriteMaterial.uexp" 332
"../../../Engine/Plugins/2D/Paper2D/Content/OpaqueUnlitSpriteMaterial.uasset" 333
"../../../Engine/Plugins/2D/Paper2D/Content/OpaqueUnlitSpriteMaterial.uexp" 334
"../../../Engine/Plugins/2D/Paper2D/Content/MaskedUnlitSpriteMaterial.uasset" 335
"../../../Engine/Plugins/2D/Paper2D/Content/MaskedUnlitSpriteMaterial.uexp" 336
"../../../Engine/Plugins/2D/Paper2D/Content/DummySprite.uasset" 337
"../../../Engine/Plugins/2D/Paper2D/Content/DummySprite.uexp" 338
"../../../Engine/Plugins/2D/Paper2D/Content/DefaultPaperTerrainMaterial.uasset" 339
"../../../Engine/Plugins/2D/Paper2D/Content/DefaultPaperTerrainMaterial.uexp" 340
"../../../Engine/Plugins/Animation/ControlRig/Content/M_Manip.uasset" 341
"../../../Engine/Plugins/Animation/ControlRig/Content/M_Manip.uexp" 342
"../../../Engine/Plugins/Animation/ControlRig/Content/Controls/DefaultGizmoLibraryNormalized.uasset" 343
"../../../Engine/Plugins/Animation/ControlRig/Content/Controls/DefaultGizmoLibraryNormalized.uexp" 344
"../../../Engine/Plugins/Animation/ControlRig/Content/Controls/ControlRig_Wedge_solid.uasset" 345
"../../../Engine/Plugins/Animation/ControlRig/Content/Controls/ControlRig_Wedge_solid.uexp" 346
"../../../Engine/Plugins/Animation/ControlRig/Content/Controls/ControlRig_Wedge_3mm.uasset" 347
"../../../Engine/Plugins/Animation/ControlRig/Content/Controls/ControlRig_Wedge_3mm.uexp" 348
"../../../Engine/Plugins/Animation/ControlRig/Content/Controls/ControlRig_Wedge_1mm.uasset" 349
"../../../Engine/Plugins/Animation/ControlRig/Content/Controls/ControlRig_Wedge_1mm.uexp" 350
"../../../Engine/Plugins/Animation/ControlRig/Content/Controls/ControlRig_Triangle_solid.uasset" 351
"../../../Engine/Plugins/Animation/ControlRig/Content/Controls/ControlRig_Triangle_solid.uexp" 352
"../../../Engine/Plugins/Animation/ControlRig/Content/Controls/ControlRig_Triangle_3mm.uasset" 353
"../../../Engine/Plugins/Animation/ControlRig/Content/Controls/ControlRig_Triangle_3mm.uexp" 354
"../../../Engine/Plugins/Animation/ControlRig/Content/Controls/ControlRig_Triangle_1mm.uasset" 355
"../../../Engine/Plugins/Animation/ControlRig/Content/Controls/ControlRig_Triangle_1mm.uexp" 356
"../../../Engine/Plugins/Animation/ControlRig/Content/Controls/ControlRig_Star4_solid.uasset" 357
"../../../Engine/Plugins/Animation/ControlRig/Content/Controls/ControlRig_Star4_solid.uexp" 358
"../../../Engine/Plugins/Animation/ControlRig/Content/Controls/ControlRig_Star4_3mm.uasset" 359
"../../../Engine/Plugins/Animation/ControlRig/Content/Controls/ControlRig_Star4_3mm.uexp" 360
"../../../Engine/Plugins/Animation/ControlRig/Content/Controls/ControlRig_Star4_1mm.uasset" 361
"../../../Engine/Plugins/Animation/ControlRig/Content/Controls/ControlRig_Star4_1mm.uexp" 362
"../../../Engine/Plugins/Animation/ControlRig/Content/Controls/ControlRig_Square_solid.uasset" 363
"../../../Engine/Plugins/Animation/ControlRig/Content/Controls/ControlRig_Square_solid.uexp" 364
"../../../Engine/Plugins/Animation/ControlRig/Content/Controls/ControlRig_Square_3mm.uasset" 365
"../../../Engine/Plugins/Animation/ControlRig/Content/Controls/ControlRig_Square_3mm.uexp" 366
"../../../Engine/Plugins/Animation/ControlRig/Content/Controls/ControlRig_Square_1mm.uasset" 367
"../../../Engine/Plugins/Animation/ControlRig/Content/Controls/ControlRig_Square_1mm.uexp" 368
"../../../Engine/Plugins/Animation/ControlRig/Content/Controls/ControlRig_Sphere_solid.uasset" 369
"../../../Engine/Plugins/Animation/ControlRig/Content/Controls/ControlRig_Sphere_solid.uexp" 370
"../../../Engine/Plugins/Animation/ControlRig/Content/Controls/ControlRig_Sphere_3mm.uasset" 371
"../../../Engine/Plugins/Animation/ControlRig/Content/Controls/ControlRig_Sphere_3mm.uexp" 372
"../../../Engine/Plugins/Animation/ControlRig/Content/Controls/ControlRig_Sphere_1mm.uasset" 373
"../../../Engine/Plugins/Animation/ControlRig/Content/Controls/ControlRig_Sphere_1mm.uexp" 374
"../../../Engine/Plugins/Animation/ControlRig/Content/Controls/ControlRig_RoundedTriangle_solid.uasset" 375
"../../../Engine/Plugins/Animation/ControlRig/Content/Controls/ControlRig_RoundedTriangle_solid.uexp" 376
"../../../Engine/Plugins/Animation/ControlRig/Content/Controls/ControlRig_RoundedTriangle_3mm.uasset" 377
"../../../Engine/Plugins/Animation/ControlRig/Content/Controls/ControlRig_RoundedTriangle_3mm.uexp" 378
"../../../Engine/Plugins/Animation/ControlRig/Content/Controls/ControlRig_RoundedTriangle_1mm.uasset" 379
"../../../Engine/Plugins/Animation/ControlRig/Content/Controls/ControlRig_RoundedTriangle_1mm.uexp" 380
"../../../Engine/Plugins/Animation/ControlRig/Content/Controls/ControlRig_RoundedSquare_solid.uasset" 381
"../../../Engine/Plugins/Animation/ControlRig/Content/Controls/ControlRig_RoundedSquare_solid.uexp" 382
"../../../Engine/Plugins/Animation/ControlRig/Content/Controls/ControlRig_RoundedSquare_3mm.uasset" 383
"../../../Engine/Plugins/Animation/ControlRig/Content/Controls/ControlRig_RoundedSquare_3mm.uexp" 384
"../../../Engine/Plugins/Animation/ControlRig/Content/Controls/ControlRig_RoundedSquare_1mm.uasset" 385
"../../../Engine/Plugins/Animation/ControlRig/Content/Controls/ControlRig_RoundedSquare_1mm.uexp" 386
"../../../Engine/Plugins/Animation/ControlRig/Content/Controls/ControlRig_QuarterCircle_solid.uasset" 387
"../../../Engine/Plugins/Animation/ControlRig/Content/Controls/ControlRig_QuarterCircle_solid.uexp" 388
"../../../Engine/Plugins/Animation/ControlRig/Content/Controls/ControlRig_QuarterCircle_3mm.uasset" 389
"../../../Engine/Plugins/Animation/ControlRig/Content/Controls/ControlRig_QuarterCircle_3mm.uexp" 390
"../../../Engine/Plugins/Animation/ControlRig/Content/Controls/ControlRig_QuarterCircle_1mm.uasset" 391
"../../../Engine/Plugins/Animation/ControlRig/Content/Controls/ControlRig_QuarterCircle_1mm.uexp" 392
"../../../Engine/Plugins/Animation/ControlRig/Content/Controls/ControlRig_Pyramid_solid.uasset" 393
"../../../Engine/Plugins/Animation/ControlRig/Content/Controls/ControlRig_Pyramid_solid.uexp" 394
"../../../Engine/Plugins/Animation/ControlRig/Content/Controls/ControlRig_Pyramid_3mm.uasset" 395
"../../../Engine/Plugins/Animation/ControlRig/Content/Controls/ControlRig_Pyramid_3mm.uexp" 396
"../../../Engine/Plugins/Animation/ControlRig/Content/Controls/ControlRig_Pyramid_1mm.uasset" 397
"../../../Engine/Plugins/Animation/ControlRig/Content/Controls/ControlRig_Pyramid_1mm.uexp" 398
"../../../Engine/Plugins/Animation/ControlRig/Content/Controls/ControlRig_Octagon_solid.uasset" 399
"../../../Engine/Plugins/Animation/ControlRig/Content/Controls/ControlRig_Octagon_solid.uexp" 400
"../../../Engine/Plugins/Animation/ControlRig/Content/Controls/ControlRig_Octagon_3mm.uasset" 401
"../../../Engine/Plugins/Animation/ControlRig/Content/Controls/ControlRig_Octagon_3mm.uexp" 402
"../../../Engine/Plugins/Animation/ControlRig/Content/Controls/ControlRig_Octagon_1mm.uasset" 403
"../../../Engine/Plugins/Animation/ControlRig/Content/Controls/ControlRig_Octagon_1mm.uexp" 404
"../../../Engine/Plugins/Animation/ControlRig/Content/Controls/ControlRig_Hexagon_solid.uasset" 405
"../../../Engine/Plugins/Animation/ControlRig/Content/Controls/ControlRig_Hexagon_solid.uexp" 406
"../../../Engine/Plugins/Animation/ControlRig/Content/Controls/ControlRig_Hexagon_3mm.uasset" 407
"../../../Engine/Plugins/Animation/ControlRig/Content/Controls/ControlRig_Hexagon_3mm.uexp" 408
"../../../Engine/Plugins/Animation/ControlRig/Content/Controls/ControlRig_Hexagon_1mm.uasset" 409
"../../../Engine/Plugins/Animation/ControlRig/Content/Controls/ControlRig_Hexagon_1mm.uexp" 410
"../../../Engine/Plugins/Animation/ControlRig/Content/Controls/ControlRig_HalfCircle_solid.uasset" 411
"../../../Engine/Plugins/Animation/ControlRig/Content/Controls/ControlRig_HalfCircle_solid.uexp" 412
"../../../Engine/Plugins/Animation/ControlRig/Content/Controls/ControlRig_HalfCircle_3mm.uasset" 413
"../../../Engine/Plugins/Animation/ControlRig/Content/Controls/ControlRig_HalfCircle_3mm.uexp" 414
"../../../Engine/Plugins/Animation/ControlRig/Content/Controls/ControlRig_HalfCircle_1mm.uasset" 415
"../../../Engine/Plugins/Animation/ControlRig/Content/Controls/ControlRig_HalfCircle_1mm.uexp" 416
"../../../Engine/Plugins/Animation/ControlRig/Content/Controls/ControlRig_Diamond_solid.uasset" 417
"../../../Engine/Plugins/Animation/ControlRig/Content/Controls/ControlRig_Diamond_solid.uexp" 418
"../../../Engine/Plugins/Animation/ControlRig/Content/Controls/ControlRig_Diamond_3mm.uasset" 419
"../../../Engine/Plugins/Animation/ControlRig/Content/Controls/ControlRig_Diamond_3mm.uexp" 420
"../../../Engine/Plugins/Animation/ControlRig/Content/Controls/ControlRig_Diamond_1mm.uasset" 421
"../../../Engine/Plugins/Animation/ControlRig/Content/Controls/ControlRig_Diamond_1mm.uexp" 422
"../../../Engine/Plugins/Animation/ControlRig/Content/Controls/ControlRig_Circle_solid.uasset" 423
"../../../Engine/Plugins/Animation/ControlRig/Content/Controls/ControlRig_Circle_solid.uexp" 424
"../../../Engine/Plugins/Animation/ControlRig/Content/Controls/ControlRig_Circle_3mm.uasset" 425
"../../../Engine/Plugins/Animation/ControlRig/Content/Controls/ControlRig_Circle_3mm.uexp" 426
"../../../Engine/Plugins/Animation/ControlRig/Content/Controls/ControlRig_Circle_1mm.uasset" 427
"../../../Engine/Plugins/Animation/ControlRig/Content/Controls/ControlRig_Circle_1mm.uexp" 428
"../../../Engine/Plugins/Animation/ControlRig/Content/Controls/ControlRig_Box_solid.uasset" 429
"../../../Engine/Plugins/Animation/ControlRig/Content/Controls/ControlRig_Box_solid.uexp" 430
"../../../Engine/Plugins/Animation/ControlRig/Content/Controls/ControlRig_Box_3mm.uasset" 431
"../../../Engine/Plugins/Animation/ControlRig/Content/Controls/ControlRig_Box_3mm.uexp" 432
"../../../Engine/Plugins/Animation/ControlRig/Content/Controls/ControlRig_Box_1mm.uasset" 433
"../../../Engine/Plugins/Animation/ControlRig/Content/Controls/ControlRig_Box_1mm.uexp" 434
"../../../Engine/Plugins/Animation/ControlRig/Content/Controls/ControlRig_Arrow_solid.uasset" 435
"../../../Engine/Plugins/Animation/ControlRig/Content/Controls/ControlRig_Arrow_solid.uexp" 436
"../../../Engine/Plugins/Animation/ControlRig/Content/Controls/ControlRig_Arrow_3mm.uasset" 437
"../../../Engine/Plugins/Animation/ControlRig/Content/Controls/ControlRig_Arrow_3mm.uexp" 438
"../../../Engine/Plugins/Animation/ControlRig/Content/Controls/ControlRig_Arrow_1mm.uasset" 439
"../../../Engine/Plugins/Animation/ControlRig/Content/Controls/ControlRig_Arrow_1mm.uexp" 440
"../../../Engine/Plugins/Animation/ControlRig/Content/Controls/ControlRig_Arrow4_solid.uasset" 441
"../../../Engine/Plugins/Animation/ControlRig/Content/Controls/ControlRig_Arrow4_solid.uexp" 442
"../../../Engine/Plugins/Animation/ControlRig/Content/Controls/ControlRig_Arrow4_3mm.uasset" 443
"../../../Engine/Plugins/Animation/ControlRig/Content/Controls/ControlRig_Arrow4_3mm.uexp" 444
"../../../Engine/Plugins/Animation/ControlRig/Content/Controls/ControlRig_Arrow4_1mm.uasset" 445
"../../../Engine/Plugins/Animation/ControlRig/Content/Controls/ControlRig_Arrow4_1mm.uexp" 446
"../../../Engine/Plugins/Animation/ControlRig/Content/Controls/ControlRig_Arrow2_solid.uasset" 447
"../../../Engine/Plugins/Animation/ControlRig/Content/Controls/ControlRig_Arrow2_solid.uexp" 448
"../../../Engine/Plugins/Animation/ControlRig/Content/Controls/ControlRig_Arrow2_3mm.uasset" 449
"../../../Engine/Plugins/Animation/ControlRig/Content/Controls/ControlRig_Arrow2_3mm.uexp" 450
"../../../Engine/Plugins/Animation/ControlRig/Content/Controls/ControlRig_Arrow2_1mm.uasset" 451
"../../../Engine/Plugins/Animation/ControlRig/Content/Controls/ControlRig_Arrow2_1mm.uexp" 452
"../../../Engine/Plugins/Animation/ControlRig/Content/Controls/ControlRigGizmoMaterial.uasset" 453
"../../../Engine/Plugins/Animation/ControlRig/Content/Controls/ControlRigGizmoMaterial.uexp" 454
"../../../Engine/Plugins/Editor/SpeedTreeImporter/Content/SpeedTree9/game_wind_noise.ubulk" 455
"../../../Engine/Plugins/Editor/SpeedTreeImporter/Content/SpeedTree9/game_wind_noise.uasset" 456
"../../../Engine/Plugins/Editor/SpeedTreeImporter/Content/SpeedTree9/game_wind_noise.uexp" 457
"../../../Engine/Plugins/Editor/SpeedTreeImporter/Content/SpeedTree9/UnpackDirection.uasset" 458
"../../../Engine/Plugins/Editor/SpeedTreeImporter/Content/SpeedTree9/UnpackDirection.uexp" 459
"../../../Engine/Content/Functions/Engine_MaterialFunctions02/ObjectLocalBounds.uasset" 460
"../../../Engine/Content/Functions/Engine_MaterialFunctions02/ObjectLocalBounds.uexp" 461
"../../../Engine/Content/Functions/Engine_MaterialFunctions02/UVs/BoundingBoxBased_0-1_UVW.uasset" 462
"../../../Engine/Content/Functions/Engine_MaterialFunctions02/UVs/BoundingBoxBased_0-1_UVW.uexp" 463
"../../../Engine/Content/Functions/Engine_MaterialFunctions02/Utility/VectorLength.uasset" 464
"../../../Engine/Content/Functions/Engine_MaterialFunctions02/Utility/VectorLength.uexp" 465
"../../../Engine/Plugins/Editor/SpeedTreeImporter/Content/SpeedTree9/UnpackInteger3.uasset" 466
"../../../Engine/Plugins/Editor/SpeedTreeImporter/Content/SpeedTree9/UnpackInteger3.uexp" 467
"../../../Engine/Plugins/Editor/SpeedTreeImporter/Content/SpeedTree9/SpeedTreeCameraFacing.uasset" 468
"../../../Engine/Plugins/Editor/SpeedTreeImporter/Content/SpeedTree9/SpeedTreeCameraFacing.uexp" 469
"../../../Engine/Content/Functions/Engine_MaterialFunctions02/WorldPositionOffset/ObjectScale.uasset" 470
"../../../Engine/Content/Functions/Engine_MaterialFunctions02/WorldPositionOffset/ObjectScale.uexp" 471
"../../../Engine/Content/Functions/Engine_MaterialFunctions02/SafeNormalize.uasset" 472
"../../../Engine/Content/Functions/Engine_MaterialFunctions02/SafeNormalize.uexp" 473
"../../../Engine/Plugins/Editor/SpeedTreeImporter/Content/SpeedTree9/SpeedTreeWindMotion.uasset" 474
"../../../Engine/Plugins/Editor/SpeedTreeImporter/Content/SpeedTree9/SpeedTreeWindMotion.uexp" 475
"../../../Engine/Plugins/Editor/SpeedTreeImporter/Content/SpeedTree9/SpeedTreeBranchMotion.uasset" 476
"../../../Engine/Plugins/Editor/SpeedTreeImporter/Content/SpeedTree9/SpeedTreeBranchMotion.uexp" 477
"../../../Engine/Plugins/Editor/SpeedTreeImporter/Content/SpeedTree9/SpeedTreeWind.uasset" 478
"../../../Engine/Plugins/Editor/SpeedTreeImporter/Content/SpeedTree9/SpeedTreeWind.uexp" 479
"../../../Engine/Plugins/Editor/SpeedTreeImporter/Content/SpeedTree9/EmptyNormal.uasset" 480
"../../../Engine/Plugins/Editor/SpeedTreeImporter/Content/SpeedTree9/EmptyNormal.uexp" 481
"../../../Engine/Plugins/Editor/SpeedTreeImporter/Content/SpeedTree9/Empty.uasset" 482
"../../../Engine/Plugins/Editor/SpeedTreeImporter/Content/SpeedTree9/Empty.uexp" 483
"../../../Engine/Plugins/Editor/SpeedTreeImporter/Content/SpeedTree9/SpeedTreeMaster.uasset" 484
"../../../Engine/Plugins/Editor/SpeedTreeImporter/Content/SpeedTree9/SpeedTreeMaster.uexp" 485
"../../../Engine/Plugins/Editor/SpeedTreeImporter/Content/SpeedTree9/SpeedTreeBillboard.uasset" 486
"../../../Engine/Plugins/Editor/SpeedTreeImporter/Content/SpeedTree9/SpeedTreeBillboard.uexp" 487
"../../../Engine/Plugins/Editor/SpeedTreeImporter/Content/SpeedTree9/SpeedTreeBillboardMaster.uasset" 488
"../../../Engine/Plugins/Editor/SpeedTreeImporter/Content/SpeedTree9/SpeedTreeBillboardMaster.uexp" 489
"../../../Engine/Plugins/Runtime/HairStrands/Content/Materials/HairMeshesDefaultMaterial.uasset" 490
"../../../Engine/Plugins/Runtime/HairStrands/Content/Materials/HairMeshesDefaultMaterial.uexp" 491
"../../../Engine/Plugins/Runtime/HairStrands/Content/Materials/HairDefaultMaterial.uasset" 492
"../../../Engine/Plugins/Runtime/HairStrands/Content/Materials/HairDefaultMaterial.uexp" 493
"../../../Engine/Plugins/Runtime/HairStrands/Content/Materials/HairGroupColors.uasset" 494
"../../../Engine/Plugins/Runtime/HairStrands/Content/Materials/HairGroupColors.uexp" 495
"../../../Engine/Content/EngineMaterials/HairColorMap.uasset" 496
"../../../Engine/Content/EngineMaterials/HairColorMap.uexp" 497
"../../../Engine/Content/EngineMaterials/HairDebugColor.uasset" 498
"../../../Engine/Content/EngineMaterials/HairDebugColor.uexp" 499
"../../../Engine/Plugins/Runtime/HairStrands/Content/Materials/HairDebugMaterial.uasset" 500
"../../../Engine/Plugins/Runtime/HairStrands/Content/Materials/HairDebugMaterial.uexp" 501
"../../../Engine/Plugins/Runtime/HairStrands/Content/Materials/HairCardsDefaultMaterial.uasset" 502
"../../../Engine/Plugins/Runtime/HairStrands/Content/Materials/HairCardsDefaultMaterial.uexp" 503
"../../../Engine/Content/Animation/DefaultAnimCurveCompressionSettings.uasset" 504
"../../../Engine/Content/Animation/DefaultAnimCurveCompressionSettings.uexp" 505
"../../../Engine/Content/Animation/DefaultRecorderBoneCompression.uasset" 506
"../../../Engine/Content/Animation/DefaultRecorderBoneCompression.uexp" 507
"D:/UE5_Projects/Crossfire/Content/Meshes/FPCharacter/Skeleton.uasset" 508
"D:/UE5_Projects/Crossfire/Content/Meshes/FPCharacter/Skeleton.uexp" 509
"D:/UE5_Projects/Crossfire/Content/Animations/FPCharacter/Walk_InPlace.uasset" 510
"D:/UE5_Projects/Crossfire/Content/Animations/FPCharacter/Walk_InPlace.uexp" 511
"D:/UE5_Projects/Crossfire/Content/TrueSky/cloudVisibilityRT.uasset" 512
"D:/UE5_Projects/Crossfire/Content/TrueSky/cloudVisibilityRT.uexp" 513
"D:/UE5_Projects/Crossfire/Content/TrueSky/trueSKYInscatter.uasset" 514
"D:/UE5_Projects/Crossfire/Content/TrueSky/trueSKYInscatter.uexp" 515
"D:/UE5_Projects/Crossfire/Content/TrueSky/trueSKYLoss.uasset" 516
"D:/UE5_Projects/Crossfire/Content/TrueSky/trueSKYLoss.uexp" 517
"D:/UE5_Projects/Crossfire/Content/TrueSky/trueSKYTransparency.uasset" 518
"D:/UE5_Projects/Crossfire/Content/TrueSky/trueSKYTransparency.uexp" 519
"D:/UE5_Projects/Crossfire/Content/TrueSky/trueSKYTransparencyModifier.uasset" 520
"D:/UE5_Projects/Crossfire/Content/TrueSky/trueSKYTransparencyModifier.uexp" 521
"D:/UE5_Projects/Crossfire/Content/TrueSky/trueSkyCubemap.uasset" 522
"D:/UE5_Projects/Crossfire/Content/TrueSky/trueSkyCubemap.uexp" 523
"D:/UE5_Projects/Crossfire/Content/TrueSky/ThunderAttenuation.uasset" 524
"D:/UE5_Projects/Crossfire/Content/TrueSky/ThunderAttenuation.uexp" 525
"D:/UE5_Projects/Crossfire/Content/TrueSky/CloudShadow.uasset" 526
"D:/UE5_Projects/Crossfire/Content/TrueSky/CloudShadow.uexp" 527
"D:/UE5_Projects/Crossfire/Content/TrueSky/trueSkyMaterialParameters.uasset" 528
"D:/UE5_Projects/Crossfire/Content/TrueSky/trueSkyMaterialParameters.uexp" 529
"D:/UE5_Projects/Crossfire/Content/TrueSky/M_LightFunction.uasset" 530
"D:/UE5_Projects/Crossfire/Content/TrueSky/M_LightFunction.uexp" 531
"D:/UE5_Projects/Crossfire/Content/TrueSky/Moon.ubulk" 532
"D:/UE5_Projects/Crossfire/Content/TrueSky/Moon.uasset" 533
"D:/UE5_Projects/Crossfire/Content/TrueSky/Moon.uexp" 534
"D:/UE5_Projects/Crossfire/Content/TrueSky/MilkyWay.ubulk" 535
"D:/UE5_Projects/Crossfire/Content/TrueSky/MilkyWay.uasset" 536
"D:/UE5_Projects/Crossfire/Content/TrueSky/MilkyWay.uexp" 537
"D:/UE5_Projects/Crossfire/Content/TrueSky/Ganymede.uasset" 538
"D:/UE5_Projects/Crossfire/Content/TrueSky/Ganymede.uexp" 539
"../../../Engine/Content/Functions/Engine_MaterialFunctions01/Coordinates/WorldPosition-XY.uasset" 540
"../../../Engine/Content/Functions/Engine_MaterialFunctions01/Coordinates/WorldPosition-XY.uexp" 541
"D:/UE5_Projects/Crossfire/Content/TrueSky/Ripples.ubulk" 542
"D:/UE5_Projects/Crossfire/Content/TrueSky/Ripples.uasset" 543
"D:/UE5_Projects/Crossfire/Content/TrueSky/Ripples.uexp" 544
"D:/UE5_Projects/Crossfire/Content/TrueSky/F_Ripples.uasset" 545
"D:/UE5_Projects/Crossfire/Content/TrueSky/F_Ripples.uexp" 546
"D:/UE5_Projects/Crossfire/Content/Textures/FPCharacter/T_Manny_01_Tan.ubulk" 547
"D:/UE5_Projects/Crossfire/Content/Textures/FPCharacter/T_Manny_01_Tan.uasset" 548
"D:/UE5_Projects/Crossfire/Content/Textures/FPCharacter/T_Manny_01_Tan.uexp" 549
"D:/UE5_Projects/Crossfire/Content/Textures/FPCharacter/T_Manny_01_MSR_MSK.ubulk" 550
"D:/UE5_Projects/Crossfire/Content/Textures/FPCharacter/T_Manny_01_MSR_MSK.uasset" 551
"D:/UE5_Projects/Crossfire/Content/Textures/FPCharacter/T_Manny_01_MSR_MSK.uexp" 552
"D:/UE5_Projects/Crossfire/Content/Textures/FPCharacter/T_Manny_01_CCRCCPlastic_MSK.ubulk" 553
"D:/UE5_Projects/Crossfire/Content/Textures/FPCharacter/T_Manny_01_CCRCCPlastic_MSK.uasset" 554
"D:/UE5_Projects/Crossfire/Content/Textures/FPCharacter/T_Manny_01_CCRCCPlastic_MSK.uexp" 555
"D:/UE5_Projects/Crossfire/Content/Materials/FPCharacter/ML_BaseColorFallOff.uasset" 556
"D:/UE5_Projects/Crossfire/Content/Materials/FPCharacter/ML_BaseColorFallOff.uexp" 557
"D:/UE5_Projects/Crossfire/Content/Materials/FPCharacter/ChromaticCurve.uasset" 558
"D:/UE5_Projects/Crossfire/Content/Materials/FPCharacter/ChromaticCurve.uexp" 559
"D:/UE5_Projects/Crossfire/Content/Materials/FPCharacter/CA_Mannequin.uasset" 560
"D:/UE5_Projects/Crossfire/Content/Materials/FPCharacter/CA_Mannequin.uexp" 561
"D:/UE5_Projects/Crossfire/Content/Materials/FPCharacter/MF_Diffraction.uasset" 562
"D:/UE5_Projects/Crossfire/Content/Materials/FPCharacter/MF_Diffraction.uexp" 563
"D:/UE5_Projects/Crossfire/Content/Textures/FPCharacter/T_Manny_01_ASAOPMASK_MSK.ubulk" 564
"D:/UE5_Projects/Crossfire/Content/Textures/FPCharacter/T_Manny_01_ASAOPMASK_MSK.uasset" 565
"D:/UE5_Projects/Crossfire/Content/Textures/FPCharacter/T_Manny_01_ASAOPMASK_MSK.uexp" 566
"D:/UE5_Projects/Crossfire/Content/Textures/FPCharacter/T_Manny_01_N.ubulk" 567
"D:/UE5_Projects/Crossfire/Content/Textures/FPCharacter/T_Manny_01_N.uasset" 568
"D:/UE5_Projects/Crossfire/Content/Textures/FPCharacter/T_Manny_01_N.uexp" 569
"../../../Engine/Content/Functions/Engine_MaterialFunctions01/Texturing/ScaleUVsByCenter.uasset" 570
"../../../Engine/Content/Functions/Engine_MaterialFunctions01/Texturing/ScaleUVsByCenter.uexp" 571
"D:/UE5_Projects/Crossfire/Content/Textures/FPCharacter/T_UE_Logo_M.uasset" 572
"D:/UE5_Projects/Crossfire/Content/Textures/FPCharacter/T_UE_Logo_M.uexp" 573
"D:/UE5_Projects/Crossfire/Content/Materials/FPCharacter/MF_logo3layers.uasset" 574
"D:/UE5_Projects/Crossfire/Content/Materials/FPCharacter/MF_logo3layers.uexp" 575
"D:/UE5_Projects/Crossfire/Content/Textures/FPCharacter/T_Manny_01_D.ubulk" 576
"D:/UE5_Projects/Crossfire/Content/Textures/FPCharacter/T_Manny_01_D.uasset" 577
"D:/UE5_Projects/Crossfire/Content/Textures/FPCharacter/T_Manny_01_D.uexp" 578
"D:/UE5_Projects/Crossfire/Content/Textures/FPCharacter/T_Manny_01_BN.ubulk" 579
"D:/UE5_Projects/Crossfire/Content/Textures/FPCharacter/T_Manny_01_BN.uasset" 580
"D:/UE5_Projects/Crossfire/Content/Textures/FPCharacter/T_Manny_01_BN.uexp" 581
"D:/UE5_Projects/Crossfire/Content/Materials/FPCharacter/M_Mannequin.uasset" 582
"D:/UE5_Projects/Crossfire/Content/Materials/FPCharacter/M_Mannequin.uexp" 583
"D:/UE5_Projects/Crossfire/Content/Materials/FPCharacter/MI_Manny_01.uasset" 584
"D:/UE5_Projects/Crossfire/Content/Materials/FPCharacter/MI_Manny_01.uexp" 585
"D:/UE5_Projects/Crossfire/Content/Textures/FPCharacter/T_Manny_02_ASAOPMASK_MSK.ubulk" 586
"D:/UE5_Projects/Crossfire/Content/Textures/FPCharacter/T_Manny_02_ASAOPMASK_MSK.uasset" 587
"D:/UE5_Projects/Crossfire/Content/Textures/FPCharacter/T_Manny_02_ASAOPMASK_MSK.uexp" 588
"D:/UE5_Projects/Crossfire/Content/Textures/FPCharacter/T_Manny_02_CCRCCPlastic_MSK.ubulk" 589
"D:/UE5_Projects/Crossfire/Content/Textures/FPCharacter/T_Manny_02_CCRCCPlastic_MSK.uasset" 590
"D:/UE5_Projects/Crossfire/Content/Textures/FPCharacter/T_Manny_02_CCRCCPlastic_MSK.uexp" 591
"D:/UE5_Projects/Crossfire/Content/Textures/FPCharacter/T_Manny_02_N.ubulk" 592
"D:/UE5_Projects/Crossfire/Content/Textures/FPCharacter/T_Manny_02_N.uasset" 593
"D:/UE5_Projects/Crossfire/Content/Textures/FPCharacter/T_Manny_02_N.uexp" 594
"D:/UE5_Projects/Crossfire/Content/Textures/FPCharacter/T_Manny_02_D.ubulk" 595
"D:/UE5_Projects/Crossfire/Content/Textures/FPCharacter/T_Manny_02_D.uasset" 596
"D:/UE5_Projects/Crossfire/Content/Textures/FPCharacter/T_Manny_02_D.uexp" 597
"D:/UE5_Projects/Crossfire/Content/Textures/FPCharacter/T_Manny_02_Tan.ubulk" 598
"D:/UE5_Projects/Crossfire/Content/Textures/FPCharacter/T_Manny_02_Tan.uasset" 599
"D:/UE5_Projects/Crossfire/Content/Textures/FPCharacter/T_Manny_02_Tan.uexp" 600
"D:/UE5_Projects/Crossfire/Content/Textures/FPCharacter/T_Manny_02_BN.ubulk" 601
"D:/UE5_Projects/Crossfire/Content/Textures/FPCharacter/T_Manny_02_BN.uasset" 602
"D:/UE5_Projects/Crossfire/Content/Textures/FPCharacter/T_Manny_02_BN.uexp" 603
"D:/UE5_Projects/Crossfire/Content/Textures/FPCharacter/T_Manny_02_MSR_MSK.ubulk" 604
"D:/UE5_Projects/Crossfire/Content/Textures/FPCharacter/T_Manny_02_MSR_MSK.uasset" 605
"D:/UE5_Projects/Crossfire/Content/Textures/FPCharacter/T_Manny_02_MSR_MSK.uexp" 606
"D:/UE5_Projects/Crossfire/Content/Materials/FPCharacter/MI_Manny_02.uasset" 607
"D:/UE5_Projects/Crossfire/Content/Materials/FPCharacter/MI_Manny_02.uexp" 608
"D:/UE5_Projects/Crossfire/Content/Meshes/FPCharacter/MaleSimple.uasset" 609
"D:/UE5_Projects/Crossfire/Content/Meshes/FPCharacter/MaleSimple.uexp" 610
"D:/UE5_Projects/Crossfire/Content/Meshes/FPCharacter/LODSettings.uasset" 611
"D:/UE5_Projects/Crossfire/Content/Meshes/FPCharacter/LODSettings.uexp" 612
"D:/UE5_Projects/Crossfire/Content/Textures/FPCharacter/T_Quinn_02ID_N.ubulk" 613
"D:/UE5_Projects/Crossfire/Content/Textures/FPCharacter/T_Quinn_02ID_N.uasset" 614
"D:/UE5_Projects/Crossfire/Content/Textures/FPCharacter/T_Quinn_02ID_N.uexp" 615
"D:/UE5_Projects/Crossfire/Content/Textures/FPCharacter/T_Quinn_02ID_BN.ubulk" 616
"D:/UE5_Projects/Crossfire/Content/Textures/FPCharacter/T_Quinn_02ID_BN.uasset" 617
"D:/UE5_Projects/Crossfire/Content/Textures/FPCharacter/T_Quinn_02ID_BN.uexp" 618
"D:/UE5_Projects/Crossfire/Content/Textures/FPCharacter/T_Quinn_02ID_D.ubulk" 619
"D:/UE5_Projects/Crossfire/Content/Textures/FPCharacter/T_Quinn_02ID_D.uasset" 620
"D:/UE5_Projects/Crossfire/Content/Textures/FPCharacter/T_Quinn_02ID_D.uexp" 621
"D:/UE5_Projects/Crossfire/Content/Textures/FPCharacter/T_Quinn_02ID_MSR_MSK.ubulk" 622
"D:/UE5_Projects/Crossfire/Content/Textures/FPCharacter/T_Quinn_02ID_MSR_MSK.uasset" 623
"D:/UE5_Projects/Crossfire/Content/Textures/FPCharacter/T_Quinn_02ID_MSR_MSK.uexp" 624
"D:/UE5_Projects/Crossfire/Content/Textures/FPCharacter/T_Quinn_02_ASAOMASK_MSK.ubulk" 625
"D:/UE5_Projects/Crossfire/Content/Textures/FPCharacter/T_Quinn_02_ASAOMASK_MSK.uasset" 626
"D:/UE5_Projects/Crossfire/Content/Textures/FPCharacter/T_Quinn_02_ASAOMASK_MSK.uexp" 627
"D:/UE5_Projects/Crossfire/Content/Textures/FPCharacter/T_Quinn_01ID_N.ubulk" 628
"D:/UE5_Projects/Crossfire/Content/Textures/FPCharacter/T_Quinn_01ID_N.uasset" 629
"D:/UE5_Projects/Crossfire/Content/Textures/FPCharacter/T_Quinn_01ID_N.uexp" 630
"D:/UE5_Projects/Crossfire/Content/Textures/FPCharacter/T_Quinn_01_ASAOMASK_MSK.ubulk" 631
"D:/UE5_Projects/Crossfire/Content/Textures/FPCharacter/T_Quinn_01_ASAOMASK_MSK.uasset" 632
"D:/UE5_Projects/Crossfire/Content/Textures/FPCharacter/T_Quinn_01_ASAOMASK_MSK.uexp" 633
"D:/UE5_Projects/Crossfire/Content/Textures/FPCharacter/T_Quinn_01ID_MSR_MSK.ubulk" 634
"D:/UE5_Projects/Crossfire/Content/Textures/FPCharacter/T_Quinn_01ID_MSR_MSK.uasset" 635
"D:/UE5_Projects/Crossfire/Content/Textures/FPCharacter/T_Quinn_01ID_MSR_MSK.uexp" 636
"D:/UE5_Projects/Crossfire/Content/Textures/FPCharacter/T_Quinn_01_CCRCCPlastic_MSK.ubulk" 637
"D:/UE5_Projects/Crossfire/Content/Textures/FPCharacter/T_Quinn_01_CCRCCPlastic_MSK.uasset" 638
"D:/UE5_Projects/Crossfire/Content/Textures/FPCharacter/T_Quinn_01_CCRCCPlastic_MSK.uexp" 639
"D:/UE5_Projects/Crossfire/Content/Textures/FPCharacter/T_Quinn_01ID_D.ubulk" 640
"D:/UE5_Projects/Crossfire/Content/Textures/FPCharacter/T_Quinn_01ID_D.uasset" 641
"D:/UE5_Projects/Crossfire/Content/Textures/FPCharacter/T_Quinn_01ID_D.uexp" 642
"D:/UE5_Projects/Crossfire/Content/Textures/FPCharacter/T_Quinn_01ID_Tan.ubulk" 643
"D:/UE5_Projects/Crossfire/Content/Textures/FPCharacter/T_Quinn_01ID_Tan.uasset" 644
"D:/UE5_Projects/Crossfire/Content/Textures/FPCharacter/T_Quinn_01ID_Tan.uexp" 645
"D:/UE5_Projects/Crossfire/Content/Textures/FPCharacter/T_Quinn_01ID_BN.ubulk" 646
"D:/UE5_Projects/Crossfire/Content/Textures/FPCharacter/T_Quinn_01ID_BN.uasset" 647
"D:/UE5_Projects/Crossfire/Content/Textures/FPCharacter/T_Quinn_01ID_BN.uexp" 648
"D:/UE5_Projects/Crossfire/Content/Materials/FPCharacter/MI_Quinn_01.uasset" 649
"D:/UE5_Projects/Crossfire/Content/Materials/FPCharacter/MI_Quinn_01.uexp" 650
"D:/UE5_Projects/Crossfire/Content/Textures/FPCharacter/T_Quinn_02_CCRCCPlastic_MSK.ubulk" 651
"D:/UE5_Projects/Crossfire/Content/Textures/FPCharacter/T_Quinn_02_CCRCCPlastic_MSK.uasset" 652
"D:/UE5_Projects/Crossfire/Content/Textures/FPCharacter/T_Quinn_02_CCRCCPlastic_MSK.uexp" 653
"D:/UE5_Projects/Crossfire/Content/Textures/FPCharacter/T_Quinn_02ID_Tan.ubulk" 654
"D:/UE5_Projects/Crossfire/Content/Textures/FPCharacter/T_Quinn_02ID_Tan.uasset" 655
"D:/UE5_Projects/Crossfire/Content/Textures/FPCharacter/T_Quinn_02ID_Tan.uexp" 656
"D:/UE5_Projects/Crossfire/Content/Materials/FPCharacter/MI_Quinn_02.uasset" 657
"D:/UE5_Projects/Crossfire/Content/Materials/FPCharacter/MI_Quinn_02.uexp" 658
"D:/UE5_Projects/Crossfire/Content/Meshes/FPCharacter/FemaleSimple.uasset" 659
"D:/UE5_Projects/Crossfire/Content/Meshes/FPCharacter/FemaleSimple.uexp" 660
"D:/UE5_Projects/Crossfire/Content/Meshes/FPCharacter/Female.uasset" 661
"D:/UE5_Projects/Crossfire/Content/Meshes/FPCharacter/Female.uexp" 662
"D:/UE5_Projects/Crossfire/Content/Materials/Map/lobby_black.uasset" 663
"D:/UE5_Projects/Crossfire/Content/Materials/Map/lobby_black.uexp" 664
"../../../Engine/Content/Maps/Entry_BuiltData.uasset" 665
"../../../Engine/Content/Maps/Entry_BuiltData.uexp" 666
"../../../Engine/Content/Maps/Entry.uexp" 667
"../../../Engine/Content/Maps/Entry.umap" 668
"../../../Engine/Content/OpenWorldTemplate/LandscapeMaterial/MI_ProcGrid.uasset" 669
"../../../Engine/Content/OpenWorldTemplate/LandscapeMaterial/MI_ProcGrid.uexp" 670
"../../../Engine/Content/EngineSky/T_Sky_Stars.ubulk" 671
"../../../Engine/Content/EngineSky/T_Sky_Stars.uasset" 672
"../../../Engine/Content/EngineSky/T_Sky_Stars.uexp" 673
"../../../Engine/Content/EngineSky/T_Sky_Clouds_M.ubulk" 674
"../../../Engine/Content/EngineSky/T_Sky_Clouds_M.uasset" 675
"../../../Engine/Content/EngineSky/T_Sky_Clouds_M.uexp" 676
"../../../Engine/Content/EngineSky/T_Sky_Blue.ubulk" 677
"../../../Engine/Content/EngineSky/T_Sky_Blue.uasset" 678
"../../../Engine/Content/EngineSky/T_Sky_Blue.uexp" 679
"../../../Engine/Content/EngineSky/M_Sky_Panning_Clouds2.uasset" 680
"../../../Engine/Content/EngineSky/M_Sky_Panning_Clouds2.uexp" 681
"../../../Engine/Content/EngineSky/SM_SkySphere.uasset" 682
"../../../Engine/Content/EngineSky/SM_SkySphere.uexp" 683
"../../../Engine/Content/MapTemplates/SM_Template_Map_Floor.uasset" 684
"../../../Engine/Content/MapTemplates/SM_Template_Map_Floor.uexp" 685
"D:/UE5_Projects/Crossfire/Content/Widget/WBP_Menu.uasset" 686
"D:/UE5_Projects/Crossfire/Content/Widget/WBP_Menu.uexp" 687
"D:/UE5_Projects/Crossfire/Content/Maps/GameStartupMap_BuiltData.ubulk" 688
"D:/UE5_Projects/Crossfire/Content/Maps/GameStartupMap_BuiltData.uasset" 689
"D:/UE5_Projects/Crossfire/Content/Maps/GameStartupMap_BuiltData.uexp" 690
"../../../Engine/Content/EngineSky/M_SimpleSkyDome.uasset" 691
"../../../Engine/Content/EngineSky/M_SimpleSkyDome.uexp" 692
"D:/UE5_Projects/Crossfire/Content/Maps/GameStartupMap.uexp" 693
"D:/UE5_Projects/Crossfire/Content/Maps/GameStartupMap.umap" 694
"D:/UE5_Projects/Crossfire/Content/Materials/Map/lobby_gold.uasset" 695
"D:/UE5_Projects/Crossfire/Content/Materials/Map/lobby_gold.uexp" 696
"D:/UE5_Projects/Crossfire/Content/Textures/Map/T_Bamboo_Bskt_01_N.ubulk" 697
"D:/UE5_Projects/Crossfire/Content/Textures/Map/T_Bamboo_Bskt_01_N.uasset" 698
"D:/UE5_Projects/Crossfire/Content/Textures/Map/T_Bamboo_Bskt_01_N.uexp" 699
"D:/UE5_Projects/Crossfire/Content/Textures/Map/T_Bamboo_Bskt_01_D.ubulk" 700
"D:/UE5_Projects/Crossfire/Content/Textures/Map/T_Bamboo_Bskt_01_D.uasset" 701
"D:/UE5_Projects/Crossfire/Content/Textures/Map/T_Bamboo_Bskt_01_D.uexp" 702
"D:/UE5_Projects/Crossfire/Content/Textures/Map/T_Bskt_01_M.ubulk" 703
"D:/UE5_Projects/Crossfire/Content/Textures/Map/T_Bskt_01_M.uasset" 704
"D:/UE5_Projects/Crossfire/Content/Textures/Map/T_Bskt_01_M.uexp" 705
"D:/UE5_Projects/Crossfire/Content/Textures/Map/T_Bamboo_Bskt_01_R.ubulk" 706
"D:/UE5_Projects/Crossfire/Content/Textures/Map/T_Bamboo_Bskt_01_R.uasset" 707
"D:/UE5_Projects/Crossfire/Content/Textures/Map/T_Bamboo_Bskt_01_R.uexp" 708
"D:/UE5_Projects/Crossfire/Content/Textures/Map/T_Oak_Strp_02_N.ubulk" 709
"D:/UE5_Projects/Crossfire/Content/Textures/Map/T_Oak_Strp_02_N.uasset" 710
"D:/UE5_Projects/Crossfire/Content/Textures/Map/T_Oak_Strp_02_N.uexp" 711
"../../../Engine/Content/Functions/Engine_MaterialFunctions02/Texturing/CustomRotator.uasset" 712
"../../../Engine/Content/Functions/Engine_MaterialFunctions02/Texturing/CustomRotator.uexp" 713
"D:/UE5_Projects/Crossfire/Content/Textures/Map/T_Oak_Strp_01_AO.ubulk" 714
"D:/UE5_Projects/Crossfire/Content/Textures/Map/T_Oak_Strp_01_AO.uasset" 715
"D:/UE5_Projects/Crossfire/Content/Textures/Map/T_Oak_Strp_01_AO.uexp" 716
"D:/UE5_Projects/Crossfire/Content/Textures/Map/T_Oak_Strp_02_D.ubulk" 717
"D:/UE5_Projects/Crossfire/Content/Textures/Map/T_Oak_Strp_02_D.uasset" 718
"D:/UE5_Projects/Crossfire/Content/Textures/Map/T_Oak_Strp_02_D.uexp" 719
"D:/UE5_Projects/Crossfire/Content/Textures/Map/T_Strp_01_M.ubulk" 720
"D:/UE5_Projects/Crossfire/Content/Textures/Map/T_Strp_01_M.uasset" 721
"D:/UE5_Projects/Crossfire/Content/Textures/Map/T_Strp_01_M.uexp" 722
"D:/UE5_Projects/Crossfire/Content/Textures/Map/T_Oak_Strp_02_R.ubulk" 723
"D:/UE5_Projects/Crossfire/Content/Textures/Map/T_Oak_Strp_02_R.uasset" 724
"D:/UE5_Projects/Crossfire/Content/Textures/Map/T_Oak_Strp_02_R.uexp" 725
"D:/UE5_Projects/Crossfire/Content/Materials/Map/M_Flooring_Mat.uasset" 726
"D:/UE5_Projects/Crossfire/Content/Materials/Map/M_Flooring_Mat.uexp" 727
"D:/UE5_Projects/Crossfire/Content/Textures/Map/T_Bamboo_Bskt_01_AO.ubulk" 728
"D:/UE5_Projects/Crossfire/Content/Textures/Map/T_Bamboo_Bskt_01_AO.uasset" 729
"D:/UE5_Projects/Crossfire/Content/Textures/Map/T_Bamboo_Bskt_01_AO.uexp" 730
"D:/UE5_Projects/Crossfire/Content/Materials/Map/lobby_floor_outerwall.uasset" 731
"D:/UE5_Projects/Crossfire/Content/Materials/Map/lobby_floor_outerwall.uexp" 732
"D:/UE5_Projects/Crossfire/Content/Textures/Map/T_Oak_Strp_01_R.ubulk" 733
"D:/UE5_Projects/Crossfire/Content/Textures/Map/T_Oak_Strp_01_R.uasset" 734
"D:/UE5_Projects/Crossfire/Content/Textures/Map/T_Oak_Strp_01_R.uexp" 735
"D:/UE5_Projects/Crossfire/Content/Textures/Map/T_Oak_Strp_01_D.ubulk" 736
"D:/UE5_Projects/Crossfire/Content/Textures/Map/T_Oak_Strp_01_D.uasset" 737
"D:/UE5_Projects/Crossfire/Content/Textures/Map/T_Oak_Strp_01_D.uexp" 738
"D:/UE5_Projects/Crossfire/Content/Textures/Map/T_Oak_Strp_01_N.ubulk" 739
"D:/UE5_Projects/Crossfire/Content/Textures/Map/T_Oak_Strp_01_N.uasset" 740
"D:/UE5_Projects/Crossfire/Content/Textures/Map/T_Oak_Strp_01_N.uexp" 741
"D:/UE5_Projects/Crossfire/Content/Materials/Map/lobby_insidewall.uasset" 742
"D:/UE5_Projects/Crossfire/Content/Materials/Map/lobby_insidewall.uexp" 743
"D:/UE5_Projects/Crossfire/Content/Meshes/FPCharacter/Male.uasset" 744
"D:/UE5_Projects/Crossfire/Content/Meshes/FPCharacter/Male.uexp" 745
"../../../Engine/Content/Animation/DefaultAnimBoneCompressionSettings.uasset" 746
"../../../Engine/Content/Animation/DefaultAnimBoneCompressionSettings.uexp" 747
"D:/UE5_Projects/Crossfire/Content/Animations/FPCharacter/JumpEnd.uasset" 748
"D:/UE5_Projects/Crossfire/Content/Animations/FPCharacter/JumpEnd.uexp" 749
"D:/UE5_Projects/Crossfire/Content/Animations/FPCharacter/JumpStart.uasset" 750
"D:/UE5_Projects/Crossfire/Content/Animations/FPCharacter/JumpStart.uexp" 751
"D:/UE5_Projects/Crossfire/Content/Animations/FPCharacter/Idle.uasset" 752
"D:/UE5_Projects/Crossfire/Content/Animations/FPCharacter/Idle.uexp" 753
"D:/UE5_Projects/Crossfire/Content/Animations/FPCharacter/WalkFwd.uasset" 754
"D:/UE5_Projects/Crossfire/Content/Animations/FPCharacter/WalkFwd.uexp" 755
"D:/UE5_Projects/Crossfire/Content/Animations/FPCharacter/RunFwd.uasset" 756
"D:/UE5_Projects/Crossfire/Content/Animations/FPCharacter/RunFwd.uexp" 757
"D:/UE5_Projects/Crossfire/Content/Animations/FPCharacter/UnequippedIdleWalkRun.uasset" 758
"D:/UE5_Projects/Crossfire/Content/Animations/FPCharacter/UnequippedIdleWalkRun.uexp" 759
"D:/UE5_Projects/Crossfire/Content/Animations/FPCharacter/JumpLoop.uasset" 760
"D:/UE5_Projects/Crossfire/Content/Animations/FPCharacter/JumpLoop.uexp" 761
"D:/UE5_Projects/Crossfire/Content/Blueprint/FPCharacter/BP_FPAnimation.uasset" 762
"D:/UE5_Projects/Crossfire/Content/Blueprint/FPCharacter/BP_FPAnimation.uexp" 763
"D:/UE5_Projects/Crossfire/Content/Blueprint/FPCharacter/BP_FPCharacter.uasset" 764
"D:/UE5_Projects/Crossfire/Content/Blueprint/FPCharacter/BP_FPCharacter.uexp" 765
"D:/UE5_Projects/Crossfire/Content/Blueprint/FPCharacter/BP_FPGameMode.uasset" 766
"D:/UE5_Projects/Crossfire/Content/Blueprint/FPCharacter/BP_FPGameMode.uexp" 767
"D:/UE5_Projects/Crossfire/Content/Maps/Lobby_BuiltData.ubulk" 768
"D:/UE5_Projects/Crossfire/Content/Maps/Lobby_BuiltData.uasset" 769
"D:/UE5_Projects/Crossfire/Content/Maps/Lobby_BuiltData.uexp" 770
"D:/UE5_Projects/Crossfire/Content/Maps/Lobby.uexp" 771
"D:/UE5_Projects/Crossfire/Content/Maps/Lobby.umap" 772
